<?xml version="1.0" encoding="UTF-8"?>
<!-- Generated by org.testng.reporters.JUnitXMLReporter -->
<testsuite ignored="0" hostname="LAPTOP-B2DV80VQ" failures="0" tests="3" name="Default test" time="18.247" errors="0" timestamp="2026-03-31T01:11:37 IST">
  <testcase classname="tests.LoginTest" name="invalidLogin" time="1.441"/>
  <testcase classname="tests.LoginTest" name="loginValid" time="1.564"/>
  <testcase classname="tests.LoginTest" name="validLogin" time="1.508"/>
</testsuite> <!-- Default test -->
