<?xml version="1.0" encoding="UTF-8"?>
<!-- Generated by org.testng.reporters.JUnitXMLReporter -->
<testsuite ignored="0" hostname="LAPTOP-B2DV80VQ" failures="0" tests="4" name="Default test" time="15.227" errors="0" timestamp="2026-04-01T02:12:05 IST">
  <testcase classname="tests.LoginTest" name="invalidLogin" time="1.187"/>
  <testcase classname="tests.LoginTest" name="loginValid" time="1.416"/>
  <testcase classname="tests.LoginTest" name="validLogin" time="0.969"/>
  <testcase classname="tests.LoginTest" name="validLogin" time="1.043"/>
</testsuite> <!-- Default test -->
