<?xml version="1.0" encoding="UTF-8"?>
<testng-results ignored="0" total="4" passed="4" failed="0" skipped="0">
  <reporter-output>
  </reporter-output>
  <suite started-at="2026-04-01T02:11:50 IST" name="Default suite" finished-at="2026-04-01T02:12:05 IST" duration-ms="15227">
    <groups>
    </groups>
    <test started-at="2026-04-01T02:11:50 IST" name="Default test" finished-at="2026-04-01T02:12:05 IST" duration-ms="15227">
      <class name="tests.LoginTest">
        <test-method is-config="true" signature="setupReport()[pri:0, instance:tests.LoginTest@2aceadd4]" started-at="2026-04-01T02:11:50 IST" name="setupReport" finished-at="2026-04-01T02:11:50 IST" duration-ms="303" status="PASS">
          <reporter-output>
          </reporter-output>
        </test-method> <!-- setupReport -->
        <test-method is-config="true" signature="setup()[pri:0, instance:tests.LoginTest@2aceadd4]" started-at="2026-04-01T02:11:50 IST" name="setup" finished-at="2026-04-01T02:11:53 IST" duration-ms="3233" status="PASS">
          <reporter-output>
          </reporter-output>
        </test-method> <!-- setup -->
        <test-method signature="invalidLogin()[pri:0, instance:tests.LoginTest@2aceadd4]" started-at="2026-04-01T02:11:53 IST" name="invalidLogin" finished-at="2026-04-01T02:11:55 IST" duration-ms="1187" status="PASS">
          <reporter-output>
          </reporter-output>
        </test-method> <!-- invalidLogin -->
        <test-method is-config="true" signature="teardown(org.testng.ITestResult)[pri:0, instance:tests.LoginTest@2aceadd4]" started-at="2026-04-01T02:11:55 IST" name="teardown" finished-at="2026-04-01T02:11:55 IST" duration-ms="277" status="PASS">
          <params>
            <param index="0">
              <value>
                <![CDATA[[TestResult name=invalidLogin status=SUCCESS method=LoginTest.invalidLogin()[pri:0, instance:tests.LoginTest@2aceadd4] output={null}]]]>
              </value>
            </param>
          </params>
          <reporter-output>
          </reporter-output>
        </test-method> <!-- teardown -->
        <test-method is-config="true" signature="setup()[pri:0, instance:tests.LoginTest@2aceadd4]" started-at="2026-04-01T02:11:55 IST" name="setup" finished-at="2026-04-01T02:11:57 IST" duration-ms="1945" status="PASS">
          <reporter-output>
          </reporter-output>
        </test-method> <!-- setup -->
        <test-method signature="loginValid()[pri:0, instance:tests.LoginTest@2aceadd4]" started-at="2026-04-01T02:11:57 IST" name="loginValid" finished-at="2026-04-01T02:11:58 IST" duration-ms="1416" status="PASS">
          <reporter-output>
          </reporter-output>
        </test-method> <!-- loginValid -->
        <test-method is-config="true" signature="teardown(org.testng.ITestResult)[pri:0, instance:tests.LoginTest@2aceadd4]" started-at="2026-04-01T02:11:58 IST" name="teardown" finished-at="2026-04-01T02:11:59 IST" duration-ms="258" status="PASS">
          <params>
            <param index="0">
              <value>
                <![CDATA[[TestResult name=loginValid status=SUCCESS method=LoginTest.loginValid()[pri:0, instance:tests.LoginTest@2aceadd4] output={null}]]]>
              </value>
            </param>
          </params>
          <reporter-output>
          </reporter-output>
        </test-method> <!-- teardown -->
        <test-method is-config="true" signature="setup()[pri:0, instance:tests.LoginTest@2aceadd4]" started-at="2026-04-01T02:11:59 IST" name="setup" finished-at="2026-04-01T02:12:01 IST" duration-ms="1854" status="PASS">
          <reporter-output>
          </reporter-output>
        </test-method> <!-- setup -->
        <test-method signature="validLogin(java.lang.String,java.lang.String)[pri:0, instance:tests.LoginTest@2aceadd4]" started-at="2026-04-01T02:12:01 IST" name="validLogin" data-provider="logindata" finished-at="2026-04-01T02:12:02 IST" duration-ms="969" status="PASS">
          <params>
            <param index="0">
              <value>
                <![CDATA[admin@yourstore.com]]>
              </value>
            </param>
            <param index="1">
              <value>
                <![CDATA[admin]]>
              </value>
            </param>
          </params>
          <reporter-output>
          </reporter-output>
        </test-method> <!-- validLogin -->
        <test-method is-config="true" signature="teardown(org.testng.ITestResult)[pri:0, instance:tests.LoginTest@2aceadd4]" started-at="2026-04-01T02:12:02 IST" name="teardown" finished-at="2026-04-01T02:12:02 IST" duration-ms="262" status="PASS">
          <params>
            <param index="0">
              <value>
                <![CDATA[[TestResult name=validLogin status=SUCCESS method=LoginTest.validLogin(java.lang.String,java.lang.String)[pri:0, instance:tests.LoginTest@2aceadd4] output={null}]]]>
              </value>
            </param>
          </params>
          <reporter-output>
          </reporter-output>
        </test-method> <!-- teardown -->
        <test-method is-config="true" signature="setup()[pri:0, instance:tests.LoginTest@2aceadd4]" started-at="2026-04-01T02:12:02 IST" name="setup" finished-at="2026-04-01T02:12:04 IST" duration-ms="1793" status="PASS">
          <reporter-output>
          </reporter-output>
        </test-method> <!-- setup -->
        <test-method signature="validLogin(java.lang.String,java.lang.String)[pri:0, instance:tests.LoginTest@2aceadd4]" started-at="2026-04-01T02:12:04 IST" name="validLogin" data-provider="logindata" finished-at="2026-04-01T02:12:05 IST" duration-ms="1043" status="PASS">
          <params>
            <param index="0">
              <value>
                <![CDATA[admin@yourstore.com]]>
              </value>
            </param>
            <param index="1">
              <value>
                <![CDATA[admin]]>
              </value>
            </param>
          </params>
          <reporter-output>
          </reporter-output>
        </test-method> <!-- validLogin -->
        <test-method is-config="true" signature="teardown(org.testng.ITestResult)[pri:0, instance:tests.LoginTest@2aceadd4]" started-at="2026-04-01T02:12:05 IST" name="teardown" finished-at="2026-04-01T02:12:05 IST" duration-ms="240" status="PASS">
          <params>
            <param index="0">
              <value>
                <![CDATA[[TestResult name=validLogin status=SUCCESS method=LoginTest.validLogin(java.lang.String,java.lang.String)[pri:0, instance:tests.LoginTest@2aceadd4] output={null}]]]>
              </value>
            </param>
          </params>
          <reporter-output>
          </reporter-output>
        </test-method> <!-- teardown -->
        <test-method is-config="true" signature="tearDownReport()[pri:0, instance:tests.LoginTest@2aceadd4]" started-at="2026-04-01T02:12:05 IST" name="tearDownReport" finished-at="2026-04-01T02:12:06 IST" duration-ms="330" status="PASS">
          <reporter-output>
          </reporter-output>
        </test-method> <!-- tearDownReport -->
      </class> <!-- tests.LoginTest -->
    </test> <!-- Default test -->
  </suite> <!-- Default suite -->
</testng-results>
