<?xml version="1.0" encoding="UTF-8"?>
<testng-results ignored="0" total="3" passed="3" failed="0" skipped="0">
  <reporter-output>
  </reporter-output>
  <suite started-at="2026-03-31T01:11:18 IST" name="Default suite" finished-at="2026-03-31T01:11:37 IST" duration-ms="18247">
    <groups>
    </groups>
    <test started-at="2026-03-31T01:11:18 IST" name="Default test" finished-at="2026-03-31T01:11:37 IST" duration-ms="18247">
      <class name="tests.LoginTest">
        <test-method is-config="true" signature="setupReport()[pri:0, instance:tests.LoginTest@536f2a7e]" started-at="2026-03-31T01:11:18 IST" name="setupReport" finished-at="2026-03-31T01:11:18 IST" duration-ms="359" status="PASS">
          <reporter-output>
          </reporter-output>
        </test-method> <!-- setupReport -->
        <test-method is-config="true" signature="setup()[pri:0, instance:tests.LoginTest@536f2a7e]" started-at="2026-03-31T01:11:18 IST" name="setup" finished-at="2026-03-31T01:11:25 IST" duration-ms="6424" status="PASS">
          <reporter-output>
          </reporter-output>
        </test-method> <!-- setup -->
        <test-method signature="invalidLogin()[pri:0, instance:tests.LoginTest@536f2a7e]" started-at="2026-03-31T01:11:25 IST" name="invalidLogin" finished-at="2026-03-31T01:11:26 IST" duration-ms="1441" status="PASS">
          <reporter-output>
          </reporter-output>
        </test-method> <!-- invalidLogin -->
        <test-method is-config="true" signature="teardown(org.testng.ITestResult)[pri:0, instance:tests.LoginTest@536f2a7e]" started-at="2026-03-31T01:11:26 IST" name="teardown" finished-at="2026-03-31T01:11:27 IST" duration-ms="818" status="PASS">
          <params>
            <param index="0">
              <value>
                <![CDATA[[TestResult name=invalidLogin status=SUCCESS method=LoginTest.invalidLogin()[pri:0, instance:tests.LoginTest@536f2a7e] output={null}]]]>
              </value>
            </param>
          </params>
          <reporter-output>
          </reporter-output>
        </test-method> <!-- teardown -->
        <test-method is-config="true" signature="setup()[pri:0, instance:tests.LoginTest@536f2a7e]" started-at="2026-03-31T01:11:27 IST" name="setup" finished-at="2026-03-31T01:11:30 IST" duration-ms="2610" status="PASS">
          <reporter-output>
          </reporter-output>
        </test-method> <!-- setup -->
        <test-method signature="loginValid()[pri:0, instance:tests.LoginTest@536f2a7e]" started-at="2026-03-31T01:11:30 IST" name="loginValid" finished-at="2026-03-31T01:11:31 IST" duration-ms="1564" status="PASS">
          <reporter-output>
          </reporter-output>
        </test-method> <!-- loginValid -->
        <test-method is-config="true" signature="teardown(org.testng.ITestResult)[pri:0, instance:tests.LoginTest@536f2a7e]" started-at="2026-03-31T01:11:31 IST" name="teardown" finished-at="2026-03-31T01:11:32 IST" duration-ms="755" status="PASS">
          <params>
            <param index="0">
              <value>
                <![CDATA[[TestResult name=loginValid status=SUCCESS method=LoginTest.loginValid()[pri:0, instance:tests.LoginTest@536f2a7e] output={null}]]]>
              </value>
            </param>
          </params>
          <reporter-output>
          </reporter-output>
        </test-method> <!-- teardown -->
        <test-method is-config="true" signature="setup()[pri:0, instance:tests.LoginTest@536f2a7e]" started-at="2026-03-31T01:11:32 IST" name="setup" finished-at="2026-03-31T01:11:34 IST" duration-ms="2321" status="PASS">
          <reporter-output>
          </reporter-output>
        </test-method> <!-- setup -->
        <test-method signature="validLogin()[pri:0, instance:tests.LoginTest@536f2a7e]" started-at="2026-03-31T01:11:34 IST" name="validLogin" finished-at="2026-03-31T01:11:36 IST" duration-ms="1508" status="PASS">
          <reporter-output>
          </reporter-output>
        </test-method> <!-- validLogin -->
        <test-method is-config="true" signature="teardown(org.testng.ITestResult)[pri:0, instance:tests.LoginTest@536f2a7e]" started-at="2026-03-31T01:11:36 IST" name="teardown" finished-at="2026-03-31T01:11:37 IST" duration-ms="752" status="PASS">
          <params>
            <param index="0">
              <value>
                <![CDATA[[TestResult name=validLogin status=SUCCESS method=LoginTest.validLogin()[pri:0, instance:tests.LoginTest@536f2a7e] output={null}]]]>
              </value>
            </param>
          </params>
          <reporter-output>
          </reporter-output>
        </test-method> <!-- teardown -->
        <test-method is-config="true" signature="tearDownReport()[pri:0, instance:tests.LoginTest@536f2a7e]" started-at="2026-03-31T01:11:37 IST" name="tearDownReport" finished-at="2026-03-31T01:11:37 IST" duration-ms="322" status="PASS">
          <reporter-output>
          </reporter-output>
        </test-method> <!-- tearDownReport -->
      </class> <!-- tests.LoginTest -->
    </test> <!-- Default test -->
  </suite> <!-- Default suite -->
</testng-results>
