<?xml version="1.0" encoding="UTF-8"?>
<!-- Generated by org.testng.reporters.JUnitReportReporter -->
<testsuite hostname="LAPTOP-B2DV80VQ" failures="0" tests="4" name="tests.LoginTest" time="14.477" errors="0" timestamp="2026-04-01T02:12:06 IST" skipped="0">
  <testcase classname="tests.LoginTest" name="validLogin" time="4.460"/>
  <testcase classname="tests.LoginTest" name="invalidLogin" time="3.394"/>
  <testcase classname="tests.LoginTest" name="validLogin" time="3.137"/>
  <testcase classname="tests.LoginTest" name="loginValid" time="3.486"/>
</testsuite> <!-- tests.LoginTest -->
