<?xml version="1.0" encoding="UTF-8"?>
<!-- Generated by org.testng.reporters.JUnitReportReporter -->
<testsuite hostname="LAPTOP-B2DV80VQ" failures="0" tests="3" name="tests.LoginTest" time="18.193" errors="0" timestamp="2026-03-31T01:11:37 IST" skipped="0">
  <testcase classname="tests.LoginTest" name="loginValid" time="4.640"/>
  <testcase classname="tests.LoginTest" name="validLogin" time="8.684"/>
  <testcase classname="tests.LoginTest" name="invalidLogin" time="4.869"/>
</testsuite> <!-- tests.LoginTest -->
