<?xml version="1.0" encoding="UTF-8"?>
<!-- Generated by org.testng.reporters.JUnitXMLReporter -->
<testsuite ignored="0" hostname="LAPTOP-B2DV80VQ" failures="2" tests="2" name="loginTest" time="10.214" errors="0" timestamp="2026-03-29T01:55:44 IST">
  <testcase classname="tests.LoginTest" name="invalidLogin" time="0.009">
    <failure type="java.lang.NullPointerException">
      <![CDATA[java.lang.NullPointerException
at pages.LoginPage.enterUsername(LoginPage.java:17)
at tests.LoginTest.invalidLogin(LoginTest.java:26)
at java.base/java.util.ArrayList.forEach(ArrayList.java:1540)
... Removed 27 stack frames]]>
    </failure>
  </testcase> <!-- invalidLogin -->
  <testcase classname="tests.LoginTest" name="validLogin" time="0.015">
    <failure type="java.lang.NullPointerException">
      <![CDATA[java.lang.NullPointerException
at pages.LoginPage.enterUsername(LoginPage.java:17)
at tests.LoginTest.validLogin(LoginTest.java:16)
at java.base/java.util.ArrayList.forEach(ArrayList.java:1540)
... Removed 27 stack frames]]>
    </failure>
  </testcase> <!-- validLogin -->
</testsuite> <!-- loginTest -->
